<?xml version="1.0" encoding="UTF-8"?>
<!-- Generated by org.testng.reporters.JUnitReportReporter -->
<testsuite hostname="DESKTOP-CAKIMAL" failures="0" tests="1" name="Assertion.WhyNotifelse" time="0.005" errors="0" timestamp="2024-08-28T15:35:22 IST" skipped="0">
  <testcase classname="Assertion.WhyNotifelse" name="Demo" time="0.005"/>
</testsuite> <!-- Assertion.WhyNotifelse -->
