<?xml version="1.0" encoding="UTF-8"?>
<!-- Generated by org.testng.reporters.JUnitReportReporter -->
<testsuite hostname="DESKTOP-CAKIMAL" failures="0" tests="2" name="TestNG.DependsOnMethodsFlag" time="39.847" errors="0" timestamp="2024-08-28T16:19:25 IST" skipped="0">
  <testcase classname="TestNG.DependsOnMethodsFlag" name="logintoApp" time="18.393"/>
  <testcase classname="TestNG.DependsOnMethodsFlag" name="navigateToApp" time="21.454"/>
</testsuite> <!-- TestNG.DependsOnMethodsFlag -->
