<?xml version="1.0" encoding="UTF-8"?>
<!-- Generated by org.testng.reporters.JUnitReportReporter -->
<testsuite hostname="DESKTOP-CAKIMAL" failures="0" tests="3" name="CrossBrowserParallel.Test2" time="86.152" errors="0" timestamp="2024-08-28T15:14:46 IST" skipped="0">
  <testcase classname="CrossBrowserParallel.Test2" name="primeVideotest" time="41.934"/>
  <testcase classname="CrossBrowserParallel.Test2" name="primeVideotest" time="5.874"/>
  <testcase classname="CrossBrowserParallel.Test2" name="primeVideotest" time="38.344"/>
</testsuite> <!-- CrossBrowserParallel.Test2 -->
