<?xml version="1.0" encoding="UTF-8"?>
<!-- Generated by org.testng.reporters.JUnitReportReporter -->
<testsuite hostname="DESKTOP-CAKIMAL" failures="0" tests="3" name="TestNGGroupExecution.Test1" time="0.007" errors="0" timestamp="2024-08-27T11:29:22 IST" skipped="0">
  <testcase classname="TestNGGroupExecution.Test1" name="test3" time="0.001"/>
  <testcase classname="TestNGGroupExecution.Test1" name="test2" time="0.001"/>
  <testcase classname="TestNGGroupExecution.Test1" name="test1" time="0.005"/>
</testsuite> <!-- TestNGGroupExecution.Test1 -->
