<?xml version="1.0" encoding="UTF-8"?>
<!-- Generated by org.testng.reporters.JUnitReportReporter -->
<testsuite hostname="DESKTOP-CAKIMAL" failures="0" tests="3" name="TestNG.InvocationCount" time="0.007" errors="0" timestamp="2024-08-28T16:06:30 IST" skipped="0">
  <testcase classname="TestNG.InvocationCount" name="Demo1" time="0.001">
    <system-out>
      <![CDATA[Demo1]]>
    </system-out>
  </testcase> <!-- Demo1 -->
  <testcase classname="TestNG.InvocationCount" name="Demo1" time="0.005">
    <system-out>
      <![CDATA[Demo1]]>
    </system-out>
  </testcase> <!-- Demo1 -->
  <testcase classname="TestNG.InvocationCount" name="Demo3" time="0.001">
    <system-out>
      <![CDATA[Demo3]]>
    </system-out>
  </testcase> <!-- Demo3 -->
  <system-out>
    <![CDATA[Demo1
Demo1
Demo3
Demo4
Demo5
Demo3
Demo6
Demo1
Demo2
Demo3]]>
  </system-out>
</testsuite> <!-- TestNG.InvocationCount -->
