<?xml version="1.0" encoding="UTF-8"?>
<!-- Generated by org.testng.reporters.JUnitReportReporter -->
<testsuite hostname="DESKTOP-CAKIMAL" failures="0" tests="6" name="TestNG.TestNGPractice" time="0.012" errors="0" timestamp="2024-08-23T22:34:19 IST" skipped="0">
  <testcase classname="TestNG.TestNGPractice" name="Demo1" time="0.007">
    <system-out>
      <![CDATA[Demo1]]>
    </system-out>
  </testcase> <!-- Demo1 -->
  <testcase classname="TestNG.TestNGPractice" name="Demo5" time="0.001">
    <system-out>
      <![CDATA[Demo5]]>
    </system-out>
  </testcase> <!-- Demo5 -->
  <testcase classname="TestNG.TestNGPractice" name="Demo2" time="0.001">
    <system-out>
      <![CDATA[Demo2]]>
    </system-out>
  </testcase> <!-- Demo2 -->
  <testcase classname="TestNG.TestNGPractice" name="Demo3" time="0.001">
    <system-out>
      <![CDATA[Demo3]]>
    </system-out>
  </testcase> <!-- Demo3 -->
  <testcase classname="TestNG.TestNGPractice" name="Demo" time="0.001">
    <system-out>
      <![CDATA[Demo]]>
    </system-out>
  </testcase> <!-- Demo -->
  <testcase classname="TestNG.TestNGPractice" name="Demo4" time="0.001">
    <system-out>
      <![CDATA[Demo4]]>
    </system-out>
  </testcase> <!-- Demo4 -->
  <system-out>
    <![CDATA[Demo1
Demo2
Demo3
Demo5
Demo
Demo4]]>
  </system-out>
</testsuite> <!-- TestNG.TestNGPractice -->
