<?xml version="1.0" encoding="UTF-8"?>
<!-- Generated by org.testng.reporters.JUnitReportReporter -->
<testsuite hostname="DESKTOP-CAKIMAL" failures="0" tests="1" name="TestNGGroupExecution.PracticeTest2" time="0.007" errors="0" timestamp="2024-08-27T23:19:09 IST" skipped="0">
  <testcase classname="TestNGGroupExecution.PracticeTest2" name="test2" time="0.007"/>
</testsuite> <!-- TestNGGroupExecution.PracticeTest2 -->
