<?xml version="1.0" encoding="UTF-8"?>
<!-- Generated by org.testng.reporters.JUnitReportReporter -->
<testsuite hostname="DESKTOP-CAKIMAL" failures="0" tests="3" name="DataProviders.DataProviderTest" time="0.008" errors="0" timestamp="2024-08-30T15:07:20 IST" skipped="0">
  <testcase classname="DataProviders.DataProviderTest" name="bookTicketTest" time="0.001"/>
  <testcase classname="DataProviders.DataProviderTest" name="bookTicketTest" time="0.006"/>
  <testcase classname="DataProviders.DataProviderTest" name="bookTicketTest" time="0.001"/>
</testsuite> <!-- DataProviders.DataProviderTest -->
