<?xml version="1.0" encoding="UTF-8"?>
<!-- Generated by org.testng.reporters.JUnitReportReporter -->
<testsuite hostname="DESKTOP-CAKIMAL" failures="0" tests="2" name="TestNG.skillraryFlags" time="167.111" errors="0" timestamp="2024-08-28T16:06:30 IST" skipped="0">
  <testcase classname="TestNG.skillraryFlags" name="navigateToApp" time="143.093"/>
  <testcase classname="TestNG.skillraryFlags" name="loginToApp" time="24.018"/>
  <system-out>
    <![CDATA[Demo1
Demo1
Demo3
Demo4
Demo5
Demo3
Demo6
Demo1
Demo2
Demo3]]>
  </system-out>
</testsuite> <!-- TestNG.skillraryFlags -->
