<?xml version="1.0" encoding="UTF-8"?>
<!-- Generated by org.testng.reporters.JUnitReportReporter -->
<testsuite hostname="DESKTOP-CAKIMAL" failures="0" tests="1" name="ListenersPractice.TestClass" time="0.005" errors="0" timestamp="2024-08-30T15:08:58 IST" skipped="0">
  <testcase classname="ListenersPractice.TestClass" name="testMethod" time="0.005"/>
</testsuite> <!-- ListenersPractice.TestClass -->
