<?xml version="1.0" encoding="UTF-8"?>
<!-- Generated by org.testng.reporters.JUnitReportReporter -->
<testsuite hostname="DESKTOP-CAKIMAL" failures="0" tests="1" name="Assertion.SofiAssert" time="0.013" errors="0" timestamp="2024-08-28T15:32:55 IST" skipped="0">
  <testcase classname="Assertion.SofiAssert" name="demo" time="0.013"/>
</testsuite> <!-- Assertion.SofiAssert -->
