<?xml version="1.0" encoding="UTF-8"?>
<!-- Generated by org.testng.reporters.JUnitReportReporter -->
<testsuite hostname="DESKTOP-CAKIMAL" failures="0" tests="1" name="ListenersPractice.PracticeTestClass" time="0.009" errors="0" timestamp="2024-08-31T19:17:36 IST" skipped="0">
  <testcase classname="ListenersPractice.PracticeTestClass" name="testMethod" time="0.009"/>
</testsuite> <!-- ListenersPractice.PracticeTestClass -->
