<?xml version="1.0" encoding="UTF-8"?>
<!-- Generated by org.testng.reporters.JUnitReportReporter -->
<testsuite hostname="DESKTOP-CAKIMAL" failures="0" tests="2" name="TestNG.EnabledFlag" time="0.001" errors="0" timestamp="2024-08-28T16:06:30 IST" skipped="1">
  <testcase classname="TestNG.EnabledFlag" name="Demo3" time="0.001">
    <system-out>
      <![CDATA[Demo3]]>
    </system-out>
  </testcase> <!-- Demo3 -->
  <testcase classname="TestNG.EnabledFlag" name="Demo2">
    <skipped/>
  </testcase> <!-- Demo2 -->
  <system-out>
    <![CDATA[Demo1
Demo1
Demo3
Demo4
Demo5
Demo3
Demo6
Demo1
Demo2
Demo3]]>
  </system-out>
</testsuite> <!-- TestNG.EnabledFlag -->
