<?xml version="1.0" encoding="UTF-8"?>
<!-- Generated by org.testng.reporters.JUnitReportReporter -->
<testsuite hostname="DESKTOP-CAKIMAL" failures="0" tests="6" name="TestNG.PriorityTests" time="0.005" errors="0" timestamp="2024-08-28T16:06:30 IST" skipped="0">
  <testcase classname="TestNG.PriorityTests" name="Demo4" time="0.001">
    <system-out>
      <![CDATA[Demo4]]>
    </system-out>
  </testcase> <!-- Demo4 -->
  <testcase classname="TestNG.PriorityTests" name="Demo5" time="0.001">
    <system-out>
      <![CDATA[Demo5]]>
    </system-out>
  </testcase> <!-- Demo5 -->
  <testcase classname="TestNG.PriorityTests" name="Demo6" time="0.001">
    <system-out>
      <![CDATA[Demo6]]>
    </system-out>
  </testcase> <!-- Demo6 -->
  <testcase classname="TestNG.PriorityTests" name="Demo3" time="0.001">
    <system-out>
      <![CDATA[Demo3]]>
    </system-out>
  </testcase> <!-- Demo3 -->
  <testcase classname="TestNG.PriorityTests" name="Demo1" time="0.000">
    <system-out>
      <![CDATA[Demo1]]>
    </system-out>
  </testcase> <!-- Demo1 -->
  <testcase classname="TestNG.PriorityTests" name="Demo2" time="0.001">
    <system-out>
      <![CDATA[Demo2]]>
    </system-out>
  </testcase> <!-- Demo2 -->
  <system-out>
    <![CDATA[Demo1
Demo1
Demo3
Demo4
Demo5
Demo3
Demo6
Demo1
Demo2
Demo3]]>
  </system-out>
</testsuite> <!-- TestNG.PriorityTests -->
