<?xml version="1.0" encoding="UTF-8"?>
<!-- Generated by org.testng.reporters.JUnitReportReporter -->
<testsuite hostname="DESKTOP-CAKIMAL" failures="0" tests="3" name="DataProviders.PracticeDataProviders" time="0.012" errors="0" timestamp="2024-08-31T19:17:26 IST" skipped="0">
  <testcase classname="DataProviders.PracticeDataProviders" name="bokkTicketTest" time="0.002"/>
  <testcase classname="DataProviders.PracticeDataProviders" name="bokkTicketTest" time="0.008"/>
  <testcase classname="DataProviders.PracticeDataProviders" name="bokkTicketTest" time="0.002"/>
</testsuite> <!-- DataProviders.PracticeDataProviders -->
