<?xml version="1.0" encoding="UTF-8"?>
<!-- Generated by org.testng.reporters.JUnitReportReporter -->
<testsuite hostname="DESKTOP-CAKIMAL" failures="0" tests="1" name="TestNG.SampleTest" time="0.007" errors="0" timestamp="2024-08-24T16:24:04 IST" skipped="0">
  <testcase classname="TestNG.SampleTest" name="testO" time="0.007">
    <system-out>
      <![CDATA[Hello World!]]>
    </system-out>
  </testcase> <!-- testO -->
  <system-out>
    <![CDATA[Hello World!]]>
  </system-out>
</testsuite> <!-- TestNG.SampleTest -->
