<?xml version="1.0" encoding="UTF-8"?>
<!-- Generated by org.testng.reporters.JUnitReportReporter -->
<testsuite hostname="DESKTOP-CAKIMAL" failures="0" tests="2" name="DistributedParallel.Test2" time="0.002" errors="0" timestamp="2024-08-31T20:46:07 IST" skipped="0">
  <testcase classname="DistributedParallel.Test2" name="Demo2" time="0.001"/>
  <testcase classname="DistributedParallel.Test2" name="Demo1" time="0.001"/>
</testsuite> <!-- DistributedParallel.Test2 -->
