<?xml version="1.0" encoding="UTF-8"?>
<!-- Generated by org.testng.reporters.JUnitReportReporter -->
<testsuite hostname="DESKTOP-CAKIMAL" failures="0" tests="1" name="TestNGGroupExecution.Test3" time="0.001" errors="0" timestamp="2024-08-27T11:29:22 IST" skipped="0">
  <testcase classname="TestNGGroupExecution.Test3" name="test1" time="0.001"/>
</testsuite> <!-- TestNGGroupExecution.Test3 -->
