<?xml version="1.0" encoding="UTF-8"?>
<!-- Generated by org.testng.reporters.JUnitReportReporter -->
<testsuite hostname="DESKTOP-CAKIMAL" failures="0" tests="3" name="CrossBrowserParallel.Test1" time="73.629" errors="0" timestamp="2024-08-28T15:14:46 IST" skipped="0">
  <testcase classname="CrossBrowserParallel.Test1" name="swiggyTest" time="34.344"/>
  <testcase classname="CrossBrowserParallel.Test1" name="swiggyTest" time="36.155"/>
  <testcase classname="CrossBrowserParallel.Test1" name="swiggyTest" time="3.130"/>
</testsuite> <!-- CrossBrowserParallel.Test1 -->
