<?xml version="1.0" encoding="UTF-8"?>
<!-- Generated by org.testng.reporters.JUnitReportReporter -->
<testsuite hostname="DESKTOP-CAKIMAL" failures="0" tests="1" name="TestNGAnnotations.TestClass" time="0.004" errors="0" timestamp="2024-08-26T15:32:03 IST" skipped="0">
  <testcase classname="TestNGAnnotations.TestClass" name="testMwthod" time="0.004"/>
</testsuite> <!-- TestNGAnnotations.TestClass -->
