<?xml version="1.0" encoding="UTF-8"?>
<!-- Generated by org.testng.reporters.JUnitReportReporter -->
<testsuite hostname="DESKTOP-CAKIMAL" failures="0" tests="1" name="TestNGGroupExecution.PracticeTest4" time="0.001" errors="0" timestamp="2024-08-27T23:18:37 IST" skipped="0">
  <testcase classname="TestNGGroupExecution.PracticeTest4" name="test2" time="0.001"/>
</testsuite> <!-- TestNGGroupExecution.PracticeTest4 -->
