<?xml version="1.0" encoding="UTF-8"?>
<!-- Generated by org.testng.reporters.JUnitReportReporter -->
<testsuite hostname="DESKTOP-CAKIMAL" failures="0" tests="1" name="TestNGAnnotations.PracticeTestClass" time="0.010" errors="0" timestamp="2024-08-27T11:07:39 IST" skipped="0">
  <testcase classname="TestNGAnnotations.PracticeTestClass" name="testMethod" time="0.010"/>
</testsuite> <!-- TestNGAnnotations.PracticeTestClass -->
